<?xml version='1.0' encoding='UTF-8'?>
<testsuite hostname="gandrews-P57V6" name="ScalaFeatureSpecWithTable" tests="1" errors="0" failures="1" skipped="0" time="1.029">
                     <properties>
[...]
</properties>
                     <testcase classname="ScalaFeatureSpecWithTable" name="Feature: Adding events Scenario: adding an event" time="1.029">
                                                 <failure message="TestFailedException was thrown during property evaluation. (ScalaFeatureSpecWithTable.scala:19)
  Message: &quot;...tp://localhost:8090/[]&quot; was not equal to &quot;...tp://localhost:8090/[8080808080]&quot;
  Location: (ScalaFeatureSpecWithTable.scala:33)
  Occurred at table row 0 (zero based, not counting headings), which had values (
    Event Name = First day of the year,
    Event Date = 2018-01-01 00:00,
    Event Type = Calendar Event,
    Event Description = New Years Day
  )" type="org.scalatest.exceptions.TableDrivenPropertyCheckFailedException">org.scalatest.exceptions.TableDrivenPropertyCheckFailedException: TestFailedException was thrown during property evaluation. (ScalaFeatureSpecWithTable.scala:19)
  Message: &quot;...tp://localhost:8090/[]&quot; was not equal to &quot;...tp://localhost:8090/[8080808080]&quot;
  Location: (ScalaFeatureSpecWithTable.scala:33)
  Occurred at table row 0 (zero based, not counting headings), which had values (
    Event Name = First day of the year,
    Event Date = 2018-01-01 00:00,
    Event Type = Calendar Event,
    Event Description = New Years Day
  )
	at org.scalatest.enablers.TableAsserting$$anon$2.indicateFailure(TableAsserting.scala:2320)
	at org.scalatest.enablers.TableAsserting$$anon$2.indicateFailure(TableAsserting.scala:2308)
	at org.scalatest.enablers.UnitTableAsserting$TableAssertingImpl.$anonfun$forAll$17(TableAsserting.scala:643)
	at scala.collection.TraversableLike$WithFilter.$anonfun$foreach$1(TraversableLike.scala:789)
	at scala.collection.mutable.ResizableArray.foreach(ResizableArray.scala:59)
	at scala.collection.mutable.ResizableArray.foreach$(ResizableArray.scala:52)
	at scala.collection.mutable.ArrayBuffer.foreach(ArrayBuffer.scala:48)
	at scala.collection.TraversableLike$WithFilter.foreach(TraversableLike.scala:788)
	at org.scalatest.enablers.UnitTableAsserting$TableAssertingImpl.forAll(TableAsserting.scala:604)
	at org.scalatest.prop.TableFor4.apply(TableFor1.scala:724)
	at org.scalatest.prop.TableDrivenPropertyChecks.forAll(TableDrivenPropertyChecks.scala:435)
	at org.scalatest.prop.TableDrivenPropertyChecks.forAll$(TableDrivenPropertyChecks.scala:434)
	at org.scalatest.prop.TableDrivenPropertyChecks$.forAll(TableDrivenPropertyChecks.scala:1344)
	at ScalaFeatureSpecWithTable.$anonfun$new$2(ScalaFeatureSpecWithTable.scala:19)
	at org.scalatest.OutcomeOf.outcomeOf(OutcomeOf.scala:85)
	at org.scalatest.OutcomeOf.outcomeOf$(OutcomeOf.scala:83)
	at org.scalatest.OutcomeOf$.outcomeOf(OutcomeOf.scala:104)
	at org.scalatest.Transformer.apply(Transformer.scala:22)
	at org.scalatest.Transformer.apply(Transformer.scala:20)
	at org.scalatest.FeatureSpecLike$$anon$1.apply(FeatureSpecLike.scala:236)
	at org.scalatest.TestSuite.withFixture(TestSuite.scala:196)
	at org.scalatest.TestSuite.withFixture$(TestSuite.scala:195)
	at org.scalatest.FeatureSpec.withFixture(FeatureSpec.scala:1825)
	at org.scalatest.FeatureSpecLike.invokeWithFixture$1(FeatureSpecLike.scala:234)
	at org.scalatest.FeatureSpecLike.$anonfun$runTest$1(FeatureSpecLike.scala:246)
	at org.scalatest.SuperEngine.runTestImpl(Engine.scala:289)
	at org.scalatest.FeatureSpecLike.runTest(FeatureSpecLike.scala:246)
	at org.scalatest.FeatureSpecLike.runTest$(FeatureSpecLike.scala:228)
	at org.scalatest.FeatureSpec.runTest(FeatureSpec.scala:1825)
	at org.scalatest.FeatureSpecLike.$anonfun$runTests$1(FeatureSpecLike.scala:305)
	at org.scalatest.SuperEngine.$anonfun$runTestsInBranch$1(Engine.scala:396)
	at scala.collection.immutable.List.foreach(List.scala:389)
	at org.scalatest.SuperEngine.traverseSubNodes$1(Engine.scala:384)
	at org.scalatest.SuperEngine.runTestsInBranch(Engine.scala:373)
	at org.scalatest.SuperEngine.$anonfun$runTestsInBranch$1(Engine.scala:410)
	at scala.collection.immutable.List.foreach(List.scala:389)
	at org.scalatest.SuperEngine.traverseSubNodes$1(Engine.scala:384)
	at org.scalatest.SuperEngine.runTestsInBranch(Engine.scala:379)
	at org.scalatest.SuperEngine.runTestsImpl(Engine.scala:461)
	at org.scalatest.FeatureSpecLike.runTests(FeatureSpecLike.scala:305)
	at org.scalatest.FeatureSpecLike.runTests$(FeatureSpecLike.scala:304)
	at org.scalatest.FeatureSpec.runTests(FeatureSpec.scala:1825)
	at org.scalatest.Suite.run(Suite.scala:1147)
	at org.scalatest.Suite.run$(Suite.scala:1129)
	at org.scalatest.FeatureSpec.org$scalatest$FeatureSpecLike$$super$run(FeatureSpec.scala:1825)
	at org.scalatest.FeatureSpecLike.$anonfun$run$1(FeatureSpecLike.scala:346)
	at org.scalatest.SuperEngine.runImpl(Engine.scala:521)
	at org.scalatest.FeatureSpecLike.run(FeatureSpecLike.scala:346)
	at org.scalatest.FeatureSpecLike.run$(FeatureSpecLike.scala:345)
	at org.scalatest.FeatureSpec.run(FeatureSpec.scala:1825)
	at org.scalatest.tools.Framework.org$scalatest$tools$Framework$$runSuite(Framework.scala:314)
	at org.scalatest.tools.Framework$ScalaTestTask.execute(Framework.scala:507)
	at sbt.TestRunner.runTest$1(TestFramework.scala:102)
	at sbt.TestRunner.run(TestFramework.scala:113)
	at sbt.TestFramework$$anon$2$$anonfun$$lessinit$greater$1.$anonfun$apply$1(TestFramework.scala:258)
	at sbt.TestFramework$.sbt$TestFramework$$withContextLoader(TestFramework.scala:229)
	at sbt.TestFramework$$anon$2$$anonfun$$lessinit$greater$1.apply(TestFramework.scala:258)
	at sbt.TestFramework$$anon$2$$anonfun$$lessinit$greater$1.apply(TestFramework.scala:258)
	at sbt.TestFunction.apply(TestFramework.scala:267)
	at sbt.Tests$.$anonfun$toTask$1(Tests.scala:277)
	at sbt.std.Transform$$anon$3.$anonfun$apply$2(System.scala:44)
	at sbt.std.Transform$$anon$4.work(System.scala:64)
	at sbt.Execute.$anonfun$submit$2(Execute.scala:257)
	at sbt.internal.util.ErrorHandling$.wideConvert(ErrorHandling.scala:16)
	at sbt.Execute.work(Execute.scala:266)
	at sbt.Execute.$anonfun$submit$1(Execute.scala:257)
	at sbt.ConcurrentRestrictions$$anon$4.$anonfun$submitValid$1(ConcurrentRestrictions.scala:167)
	at sbt.CompletionService$$anon$2.call(CompletionService.scala:32)
	at java.util.concurrent.FutureTask.run(FutureTask.java:266)
	at java.util.concurrent.Executors$RunnableAdapter.call(Executors.java:511)
	at java.util.concurrent.FutureTask.run(FutureTask.java:266)
	at java.util.concurrent.ThreadPoolExecutor.runWorker(ThreadPoolExecutor.java:1149)
	at java.util.concurrent.ThreadPoolExecutor$Worker.run(ThreadPoolExecutor.java:624)
	at java.lang.Thread.run(Thread.java:748)
Caused by: org.scalatest.exceptions.TestFailedException: &quot;...tp://localhost:8090/[]&quot; was not equal to &quot;...tp://localhost:8090/[8080808080]&quot;
	at org.scalatest.MatchersHelper$.indicateFailure(MatchersHelper.scala:340)
	at org.scalatest.Matchers$AnyShouldWrapper.shouldBe(Matchers.scala:6864)
	at ScalaFeatureSpecWithTable.$anonfun$new$3(ScalaFeatureSpecWithTable.scala:33)
	at org.scalatest.enablers.UnitTableAsserting$TableAssertingImpl.$anonfun$forAll$17(TableAsserting.scala:606)
	... 71 more
</failure>
                                               </testcase>
                     <system-out><![CDATA[]]></system-out>
                     <system-err><![CDATA[]]></system-err>
                   </testsuite>