[0m[[0m[0mdebug[0m] [0m[0mRunning TaskDef(ScalaFlatSpec, org.scalatest.tools.Framework$$anon$1@a1963df, false, [SuiteSelector])[0m
[0m[[0m[0mdebug[0m] [0m[0mRunning TaskDef(ScalaFeatureSpecWithTable, org.scalatest.tools.Framework$$anon$1@a1963df, false, [SuiteSelector])[0m
[0m[[0m[0mdebug[0m] [0m[0mRunning TaskDef(ScalaFeatureTest, org.scalatest.tools.Framework$$anon$1@a1963df, false, [SuiteSelector])[0m
[0m[[0m[0minfo[0m] [0m[0m[36mRun completed in 2 seconds, 475 milliseconds.[0m[0m
[0m[[0m[0minfo[0m] [0m[0m[36mTotal number of tests run: 7[0m[0m
[0m[[0m[0minfo[0m] [0m[0m[36mSuites: completed 3, aborted 0[0m[0m
[0m[[0m[0minfo[0m] [0m[0m[36mTests: succeeded 6, failed 1, canceled 0, ignored 0, pending 0[0m[0m
[0m[[0m[0minfo[0m] [0m[0m[31m*** 1 TEST FAILED ***[0m[0m
[0m[[0m[0mdebug[0m] [0m[0mPassed tests:[0m
[0m[[0m[0mdebug[0m] [0m[0m	ScalaFeatureTest[0m
[0m[[0m[0mdebug[0m] [0m[0m	ScalaFlatSpec[0m
[0m[[0m[31merror[0m] [0m[0mFailed tests:[0m
[0m[[0m[31merror[0m] [0m[0m	ScalaFeatureSpecWithTable[0m
[0m[[0m[31merror[0m] [0m[0m(test:[31mtest[0m) sbt.TestsFailedException: Tests unsuccessful[0m
